
ROM used:   7844/176108 (4%)
            7844/176108 (4%) including unused fragments

            1.3 Average locations per line
            280.1 Average locations per statement

RAM used:   133/32768 (0%) at main() level
            133/32768 (0%) worst case

Stack used: 42 worst case (2 in main + 40 for interrupts)
Stack size: 128

Lines Stmts  %   Files
----- ----- ---  -----
   55    28 100  DAC.c
 5023     0   0  DAC.h
 1023     0   0  ..\..\..\..\..\Program Files (x86)\PICC\Devices\24EP256GP202.h
----- -----
 6101    28 Total

Page ROM  %  RAM    Vol Diff  Functions:
---- --- --- ---    --- ----  ----------
0   6702  43    0             @const799
0     32   0    0      5  1.0  dma0_isr
0     56   0    0     21  0.9  spi1_isr
0     32   0    0             @const803
0    398   3    5    729  5.7  MAIN
0     38   0    0             @const809
0     54   0    0             @const810
0     20   0    0             @const811
 Inline         0             @cinit1

Program metrics:
    Functions               3
    Statements              28
    Comments                176
    Volume (V)              831
    Difficulty (D)          7.2
    Effort to implement (E) 5955
    Time to implement (T)   6 minutes
    Est Delivered Bugs (B)  0
    Cyclomatic Complexity   1
    Maintainability (MI)    73

 Segment     Used  Free
-----------  ----  ----
00000-00002     4  0  
00004-001FE   508  0  
00200-0FFFE  7332  57692  
10000-1FFFE     0  65536  
20000-2AFEA     0  45036  



