
ROM used:   1858/176108 (1%)
            1858/176108 (1%) including unused fragments

            1.1 Average locations per line
            9.7 Average locations per statement

RAM used:   162/32768 (0%) at main() level
            174/32768 (1%) worst case

Stack used: 74 worst case (18 in main + 56 for interrupts)
Stack size: 128

Lines Stmts  %   Files
----- ----- ---  -----
  157    63  33  DataReading_Working_7_10.c
 1023     0   0  ..\..\..\..\..\Program Files (x86)\PICC\Devices\24EP256GP202.h
  435   129  67  ..\..\..\..\..\Program Files (x86)\PICC\Drivers\string.h
   32     0   0  ..\..\..\..\..\Program Files (x86)\PICC\Drivers\stddef.h
   28     0   0  ..\..\..\..\..\Program Files (x86)\PICC\Drivers\ctype.h
----- -----
 1675   192 Total

Page ROM  %  RAM    Vol Diff  Functions:
---- --- --- ---    --- ----  ----------
0     32   1    0             @delay_ms1
0     52   1    4    197  4.0  clear_channel
0    104   3    4    267  4.0  display_matrix
0     20   1    0             @const900
0    182   5    0             @PRINTFU16_115200_28827_28828
0    292   8    0   1004  7.7  DCLK_interrupt_handler
0     28   1    0             @const906
0     26   1    0             @const907
0     60   2    0     50  1.0  DRDY_interrupt_handler
0     38   1    0     50  1.0  @const909
0    114   3    0     63  1.8  DMA_interrupt_handler
0     38   1    0     76  1.8  @const911
0     36   1    0             @const912
0    258   7    2    431  3.2  MAIN
0     22   1    0    431  3.2  @const916
0     18   0    0             @const917
0     26   1    0             @const919
 Inline         0             @cinit1

Program metrics:
    Functions               9
    Statements              192
    Comments                355
    Volume (V)              3861
    Difficulty (D)          27.4
    Effort to implement (E) 105818
    Time to implement (T)   1 hours, 38 minutes
    Est Delivered Bugs (B)  1
    Cyclomatic Complexity   4
    Maintainability (MI)    75

 Segment     Used  Free
-----------  ----  ----
00000-00002     4  0  
00004-001FE   508  0  
00200-0FFFE  1346  63678  
10000-1FFFE     0  65536  
20000-2AFEA     0  45036  



