
ROM used:   670/176108 (0%)
            670/176108 (0%) including unused fragments

            0.6 Average locations per line
            25.8 Average locations per statement

RAM used:   129/32768 (0%) at main() level
            129/32768 (0%) worst case

Stack used: 0 worst case (0 in main + 0 for interrupts)
Stack size: 128

Lines Stmts  %   Files
----- ----- ---  -----
   37    26 100  FRC.c
   22     0   0  FRC.h
 1023     0   0  ..\..\..\..\..\Program Files (x86)\PICC\Devices\24EP256GP202.h
----- -----
 1082    26 Total

Page ROM  %  RAM    Vol Diff  Functions:
---- --- --- ---    --- ----  ----------
0    158  12    1    607  2.4  main
 Inline         0             @cinit1

Program metrics:
    Functions               1
    Statements              26
    Comments                173
    Volume (V)              609
    Difficulty (D)          2.4
    Effort to implement (E) 1437
    Time to implement (T)   1 minutes
    Est Delivered Bugs (B)  0
    Cyclomatic Complexity   1
    Maintainability (MI)    135

 Segment     Used  Free
-----------  ----  ----
00000-00002     4  0  
00004-001FE   508  0  
00200-0FFFE   158  64866  
10000-1FFFE     0  65536  
20000-2AFEA     0  45036  



