*** Error 1 "C:\Program Files (x86)\PICC\Devices\24EP256GP202.h" Line 528(1,2): Illegal C character in input file  0x80
*** Error 1 "C:\Program Files (x86)\PICC\Devices\24EP256GP202.h" Line 528(1,2): Illegal C character in input file  0x00
*** Error 32 "C:\Program Files (x86)\PICC\Devices\24EP256GP202.h" Line 528(126,128): Expecting a , or )
*** Error 1 "C:\Program Files (x86)\PICC\Devices\24EP256GP202.h" Line 528(3,4): Illegal C character in input file  0x00
*** Error 1 "C:\Program Files (x86)\PICC\Devices\24EP256GP202.h" Line 528(3,4): Illegal C character in input file  0x00
*** Error 1 "C:\Program Files (x86)\PICC\Devices\24EP256GP202.h" Line 528(3,4): Illegal C character in input file  0xFF
*** Error 1 "C:\Program Files (x86)\PICC\Devices\24EP256GP202.h" Line 528(3,4): Illegal C character in input file  0xFF
*** Error 1 "C:\Program Files (x86)\PICC\Devices\24EP256GP202.h" Line 528(3,4): Illegal C character in input file  0xFF
*** Error 1 "C:\Program Files (x86)\PICC\Devices\24EP256GP202.h" Line 528(3,4): Illegal C character in input file  0x00
*** Error 1 "C:\Program Files (x86)\PICC\Devices\24EP256GP202.h" Line 528(3,4): Illegal C character in input file  0x07
*** Error 1 "C:\Program Files (x86)\PICC\Devices\24EP256GP202.h" Line 528(3,4): Illegal C character in input file  0x00
*** Error 1 "C:\Program Files (x86)\PICC\Devices\24EP256GP202.h" Line 528(3,4): Illegal C character in input file  0x00
*** Error 1 "C:\Program Files (x86)\PICC\Devices\24EP256GP202.h" Line 528(3,4): Illegal C character in input file  0x00
*** Error 1 "C:\Program Files (x86)\PICC\Devices\24EP256GP202.h" Line 528(3,4): Illegal C character in input file  0x00
*** Error 1 "C:\Program Files (x86)\PICC\Devices\24EP256GP202.h" Line 528(3,4): Illegal C character in input file  0x00
*** Error 1 "C:\Program Files (x86)\PICC\Devices\24EP256GP202.h" Line 528(3,4): Illegal C character in input file  0x00
*** Error 1 "C:\Program Files (x86)\PICC\Devices\24EP256GP202.h" Line 528(3,4): Illegal C character in input file  0x00
*** Error 1 "C:\Program Files (x86)\PICC\Devices\24EP256GP202.h" Line 528(3,4): Illegal C character in input file  0xD2
*** Error 1 "C:\Program Files (x86)\PICC\Devices\24EP256GP202.h" Line 528(9,10): Illegal C character in input file  0xAB
*** Error 48 "C:\Program Files (x86)\PICC\Devices\24EP256GP202.h" Line 528(3,4): Expecting a (
*** Error 43 "C:\Program Files (x86)\PICC\Devices\24EP256GP202.h" Line 528(11,12): Expecting a declaration
*** Error 1 "C:\Program Files (x86)\PICC\Devices\24EP256GP202.h" Line 528(12,13): Illegal C character in input file  0xBF
*** Error 1 "C:\Program Files (x86)\PICC\Devices\24EP256GP202.h" Line 528(12,13): Illegal C character in input file  0xAB
*** Error 1 "C:\Program Files (x86)\PICC\Devices\24EP256GP202.h" Line 528(12,13): Illegal C character in input file  0x06
*** Error 1 "C:\Program Files (x86)\PICC\Devices\24EP256GP202.h" Line 528(15,16): Illegal C character in input file  0xF5
*** Error 1 "C:\Program Files (x86)\PICC\Devices\24EP256GP202.h" Line 528(15,16): Illegal C character in input file  0xE4
*** Error 1 "C:\Program Files (x86)\PICC\Devices\24EP256GP202.h" Line 528(15,16): Illegal C character in input file  0x40
*** Error 1 "C:\Program Files (x86)\PICC\Devices\24EP256GP202.h" Line 528(15,16): Illegal C character in input file  0x00
*** Error 1 "C:\Program Files (x86)\PICC\Devices\24EP256GP202.h" Line 528(15,16): Illegal C character in input file  0x00
*** Error 1 "C:\Program Files (x86)\PICC\Devices\24EP256GP202.h" Line 528(15,16): Illegal C character in input file  0x00
*** Error 1 "C:\Program Files (x86)\PICC\Devices\24EP256GP202.h" Line 528(15,16): Illegal C character in input file  0x00
*** Error 1 "C:\Program Files (x86)\PICC\Devices\24EP256GP202.h" Line 528(15,16): Illegal C character in input file  0x00
*** Error 1 "C:\Program Files (x86)\PICC\Devices\24EP256GP202.h" Line 528(15,16): Illegal C character in input file  0x00
*** Error 1 "C:\Program Files (x86)\PICC\Devices\24EP256GP202.h" Line 528(15,16): Illegal C character in input file  0x00
*** Error 1 "C:\Program Files (x86)\PICC\Devices\24EP256GP202.h" Line 528(15,16): Illegal C character in input file  0x00
*** Error 1 "C:\Program Files (x86)\PICC\Devices\24EP256GP202.h" Line 528(15,16): Illegal C character in input file  0x00
*** Error 1 "C:\Program Files (x86)\PICC\Devices\24EP256GP202.h" Line 528(15,16): Illegal C character in input file  0x00
*** Error 1 "C:\Program Files (x86)\PICC\Devices\24EP256GP202.h" Line 528(15,16): Illegal C character in input file  0x00
*** Error 1 "C:\Program Files (x86)\PICC\Devices\24EP256GP202.h" Line 528(15,16): Illegal C character in input file  0x00
*** Error 1 "C:\Program Files (x86)\PICC\Devices\24EP256GP202.h" Line 528(15,16): Illegal C character in input file  0x00
*** Error 1 "C:\Program Files (x86)\PICC\Devices\24EP256GP202.h" Line 528(15,16): Illegal C character in input file  0x00
*** Error 1 "C:\Program Files (x86)\PICC\Devices\24EP256GP202.h" Line 528(15,16): Illegal C character in input file  0x00
*** Error 1 "C:\Program Files (x86)\PICC\Devices\24EP256GP202.h" Line 528(15,16): Illegal C character in input file  0x00
*** Error 1 "C:\Program Files (x86)\PICC\Devices\24EP256GP202.h" Line 528(15,16): Illegal C character in input file  0x00
*** Error 1 "C:\Program Files (x86)\PICC\Devices\24EP256GP202.h" Line 528(15,16): Illegal C character in input file  0x00
*** Error 1 "C:\Program Files (x86)\PICC\Devices\24EP256GP202.h" Line 528(15,16): Illegal C character in input file  0x00
*** Error 1 "C:\Program Files (x86)\PICC\Devices\24EP256GP202.h" Line 528(15,16): Illegal C character in input file  0x00
*** Error 1 "C:\Program Files (x86)\PICC\Devices\24EP256GP202.h" Line 528(15,16): Illegal C character in input file  0x00
*** Error 1 "C:\Program Files (x86)\PICC\Devices\24EP256GP202.h" Line 528(15,16): Illegal C character in input file  0x00
*** Error 1 "C:\Program Files (x86)\PICC\Devices\24EP256GP202.h" Line 528(15,16): Illegal C character in input file  0x00
*** Error 1 "C:\Program Files (x86)\PICC\Devices\24EP256GP202.h" Line 528(15,16): Illegal C character in input file  0x00
*** Error 1 "C:\Program Files (x86)\PICC\Devices\24EP256GP202.h" Line 528(15,16): Illegal C character in input file  0x00
*** Error 1 "C:\Program Files (x86)\PICC\Devices\24EP256GP202.h" Line 528(15,16): Illegal C character in input file  0x00
*** Error 1 "C:\Program Files (x86)\PICC\Devices\24EP256GP202.h" Line 528(15,16): Illegal C character in input file  0x00
*** Error 1 "C:\Program Files (x86)\PICC\Devices\24EP256GP202.h" Line 528(15,16): Illegal C character in input file  0x00
*** Error 1 "C:\Program Files (x86)\PICC\Devices\24EP256GP202.h" Line 528(15,16): Illegal C character in input file  0x00
*** Error 1 "C:\Program Files (x86)\PICC\Devices\24EP256GP202.h" Line 528(15,16): Illegal C character in input file  0x00
*** Error 1 "C:\Program Files (x86)\PICC\Devices\24EP256GP202.h" Line 528(15,16): Illegal C character in input file  0x00
*** Error 1 "C:\Program Files (x86)\PICC\Devices\24EP256GP202.h" Line 528(15,16): Illegal C character in input file  0x00
*** Error 1 "C:\Program Files (x86)\PICC\Devices\24EP256GP202.h" Line 528(15,16): Illegal C character in input file  0x00
*** Error 1 "C:\Program Files (x86)\PICC\Devices\24EP256GP202.h" Line 528(15,16): Illegal C character in input file  0x00
*** Error 1 "C:\Program Files (x86)\PICC\Devices\24EP256GP202.h" Line 528(15,16): Illegal C character in input file  0x00
*** Error 1 "C:\Program Files (x86)\PICC\Devices\24EP256GP202.h" Line 528(15,16): Illegal C character in input file  0x00
*** Error 1 "C:\Program Files (x86)\PICC\Devices\24EP256GP202.h" Line 528(15,16): Illegal C character in input file  0x00
*** Error 1 "C:\Program Files (x86)\PICC\Devices\24EP256GP202.h" Line 528(15,16): Illegal C character in input file  0x00
*** Error 1 "C:\Program Files (x86)\PICC\Devices\24EP256GP202.h" Line 528(15,16): Illegal C character in input file  0x00
*** Error 1 "C:\Program Files (x86)\PICC\Devices\24EP256GP202.h" Line 528(15,16): Illegal C character in input file  0x00
*** Error 1 "C:\Program Files (x86)\PICC\Devices\24EP256GP202.h" Line 528(15,16): Illegal C character in input file  0x00
*** Error 1 "C:\Program Files (x86)\PICC\Devices\24EP256GP202.h" Line 528(15,16): Illegal C character in input file  0x00
*** Error 1 "C:\Program Files (x86)\PICC\Devices\24EP256GP202.h" Line 528(15,16): Illegal C character in input file  0x00
*** Error 1 "C:\Program Files (x86)\PICC\Devices\24EP256GP202.h" Line 528(15,16): Illegal C character in input file  0x00
*** Error 1 "C:\Program Files (x86)\PICC\Devices\24EP256GP202.h" Line 528(15,16): Illegal C character in input file  0x00
*** Error 1 "C:\Program Files (x86)\PICC\Devices\24EP256GP202.h" Line 528(15,16): Illegal C character in input file  0x00
*** Error 1 "C:\Program Files (x86)\PICC\Devices\24EP256GP202.h" Line 528(15,16): Illegal C character in input file  0x00
*** Error 1 "C:\Program Files (x86)\PICC\Devices\24EP256GP202.h" Line 528(15,16): Illegal C character in input file  0x00
*** Error 1 "C:\Program Files (x86)\PICC\Devices\24EP256GP202.h" Line 528(15,16): Illegal C character in input file  0x00
*** Error 1 "C:\Program Files (x86)\PICC\Devices\24EP256GP202.h" Line 528(15,16): Illegal C character in input file  0x00
*** Error 1 "C:\Program Files (x86)\PICC\Devices\24EP256GP202.h" Line 528(15,16): Illegal C character in input file  0x00
*** Error 1 "C:\Program Files (x86)\PICC\Devices\24EP256GP202.h" Line 528(15,16): Illegal C character in input file  0x00
*** Error 1 "C:\Program Files (x86)\PICC\Devices\24EP256GP202.h" Line 528(15,16): Illegal C character in input file  0x00
*** Error 1 "C:\Program Files (x86)\PICC\Devices\24EP256GP202.h" Line 528(15,16): Illegal C character in input file  0x00
*** Error 1 "C:\Program Files (x86)\PICC\Devices\24EP256GP202.h" Line 528(15,16): Illegal C character in input file  0x00
*** Error 1 "C:\Program Files (x86)\PICC\Devices\24EP256GP202.h" Line 528(15,16): Illegal C character in input file  0x00
*** Error 1 "C:\Program Files (x86)\PICC\Devices\24EP256GP202.h" Line 528(15,16): Illegal C character in input file  0x00
*** Error 1 "C:\Program Files (x86)\PICC\Devices\24EP256GP202.h" Line 528(15,16): Illegal C character in input file  0x00
*** Error 1 "C:\Program Files (x86)\PICC\Devices\24EP256GP202.h" Line 528(15,16): Illegal C character in input file  0x00
*** Error 1 "C:\Program Files (x86)\PICC\Devices\24EP256GP202.h" Line 528(15,16): Illegal C character in input file  0x00
*** Error 1 "C:\Program Files (x86)\PICC\Devices\24EP256GP202.h" Line 528(15,16): Illegal C character in input file  0x00
*** Error 1 "C:\Program Files (x86)\PICC\Devices\24EP256GP202.h" Line 528(15,16): Illegal C character in input file  0x00
*** Error 1 "C:\Program Files (x86)\PICC\Devices\24EP256GP202.h" Line 528(15,16): Illegal C character in input file  0x00
*** Error 1 "C:\Program Files (x86)\PICC\Devices\24EP256GP202.h" Line 528(15,16): Illegal C character in input file  0x00
*** Error 1 "C:\Program Files (x86)\PICC\Devices\24EP256GP202.h" Line 528(15,16): Illegal C character in input file  0x00
*** Error 1 "C:\Program Files (x86)\PICC\Devices\24EP256GP202.h" Line 528(15,16): Illegal C character in input file  0x00
*** Error 1 "C:\Program Files (x86)\PICC\Devices\24EP256GP202.h" Line 528(15,16): Illegal C character in input file  0x00
*** Error 1 "C:\Program Files (x86)\PICC\Devices\24EP256GP202.h" Line 528(15,16): Illegal C character in input file  0x00
*** Error 1 "C:\Program Files (x86)\PICC\Devices\24EP256GP202.h" Line 528(15,16): Illegal C character in input file  0x00
*** Error 1 "C:\Program Files (x86)\PICC\Devices\24EP256GP202.h" Line 528(15,16): Illegal C character in input file  0x00
*** Error 1 "C:\Program Files (x86)\PICC\Devices\24EP256GP202.h" Line 528(15,16): Illegal C character in input file  0x00
*** Error 1 "C:\Program Files (x86)\PICC\Devices\24EP256GP202.h" Line 528(15,16): Illegal C character in input file  0x00
*** Error 1 "C:\Program Files (x86)\PICC\Devices\24EP256GP202.h" Line 528(15,16): Illegal C character in input file  0x00
*** Error 1 "C:\Program Files (x86)\PICC\Devices\24EP256GP202.h" Line 528(15,16): Illegal C character in input file  0x00
